<?xml version="1.0" encoding="UTF-8"?>
<testng-results ignored="0" total="2" passed="2" failed="0" skipped="0">
  <reporter-output>
  </reporter-output>
  <suite started-at="2023-11-25T13:53:02Z" name="Suite" finished-at="2023-11-25T13:55:56Z" duration-ms="174052">
    <groups>
    </groups>
    <test started-at="2023-11-25T13:53:02Z" name="Test" finished-at="2023-11-25T13:55:56Z" duration-ms="174052">
      <class name="testcases.LoginTest">
        <test-method is-config="true" signature="SetUp()[pri:0, instance:testcases.LoginTest@ba54932]" started-at="2023-11-25T13:53:02Z" name="SetUp" finished-at="2023-11-25T13:53:25Z" duration-ms="23439" status="PASS">
          <reporter-output>
          </reporter-output>
        </test-method> <!-- SetUp -->
        <test-method signature="LoginFailiurTest()[pri:0, instance:testcases.LoginTest@ba54932]" started-at="2023-11-25T13:53:25Z" name="LoginFailiurTest" finished-at="2023-11-25T13:54:48Z" duration-ms="82201" status="PASS">
          <reporter-output>
          </reporter-output>
        </test-method> <!-- LoginFailiurTest -->
        <test-method is-config="true" signature="TearDown()[pri:0, instance:testcases.LoginTest@ba54932]" started-at="2023-11-25T13:54:48Z" name="TearDown" finished-at="2023-11-25T13:54:52Z" duration-ms="4738" status="PASS">
          <reporter-output>
          </reporter-output>
        </test-method> <!-- TearDown -->
        <test-method is-config="true" signature="SetUp()[pri:0, instance:testcases.LoginTest@ba54932]" started-at="2023-11-25T13:54:52Z" name="SetUp" finished-at="2023-11-25T13:55:02Z" duration-ms="9670" status="PASS">
          <reporter-output>
          </reporter-output>
        </test-method> <!-- SetUp -->
        <test-method signature="LoginSuccessTest()[pri:0, instance:testcases.LoginTest@ba54932]" started-at="2023-11-25T13:55:02Z" name="LoginSuccessTest" finished-at="2023-11-25T13:55:52Z" duration-ms="49982" status="PASS">
          <reporter-output>
          </reporter-output>
        </test-method> <!-- LoginSuccessTest -->
        <test-method is-config="true" signature="TearDown()[pri:0, instance:testcases.LoginTest@ba54932]" started-at="2023-11-25T13:55:52Z" name="TearDown" finished-at="2023-11-25T13:55:56Z" duration-ms="3967" status="PASS">
          <reporter-output>
          </reporter-output>
        </test-method> <!-- TearDown -->
      </class> <!-- testcases.LoginTest -->
    </test> <!-- Test -->
  </suite> <!-- Suite -->
</testng-results>
